c:\users\rnm36\documents\adventofcode\adventofcoding2021\x64\debug\adventofcoding2021.exe
c:\users\rnm36\documents\adventofcode\adventofcoding2021\x64\debug\adventofcoding2021.pdb
c:\users\rnm36\documents\adventofcode\adventofcoding2021\adventofcoding2021\x64\debug\day3.cpp.json
c:\users\rnm36\documents\adventofcode\adventofcoding2021\adventofcoding2021\x64\debug\day3.obj
c:\users\rnm36\documents\adventofcode\adventofcoding2021\adventofcoding2021\x64\debug\day2.cpp.json
c:\users\rnm36\documents\adventofcode\adventofcoding2021\adventofcoding2021\x64\debug\day2.obj
c:\users\rnm36\documents\adventofcode\adventofcoding2021\adventofcoding2021\x64\debug\day1.cpp.json
c:\users\rnm36\documents\adventofcode\adventofcoding2021\adventofcoding2021\x64\debug\day1.obj
c:\users\rnm36\documents\adventofcode\adventofcoding2021\adventofcoding2021\x64\debug\pystr.cpp.json
c:\users\rnm36\documents\adventofcode\adventofcoding2021\adventofcoding2021\x64\debug\pystr.obj
c:\users\rnm36\documents\adventofcode\adventofcoding2021\adventofcoding2021\x64\debug\day4.cpp.json
c:\users\rnm36\documents\adventofcode\adventofcoding2021\adventofcoding2021\x64\debug\day4.obj
c:\users\rnm36\documents\adventofcode\adventofcoding2021\adventofcoding2021\x64\debug\main.cpp.json
c:\users\rnm36\documents\adventofcode\adventofcoding2021\adventofcoding2021\x64\debug\main.obj
c:\users\rnm36\documents\adventofcode\adventofcoding2021\adventofcoding2021\x64\debug\day5.cpp.json
c:\users\rnm36\documents\adventofcode\adventofcoding2021\adventofcoding2021\x64\debug\day5.obj
c:\users\rnm36\documents\adventofcode\adventofcoding2021\adventofcoding2021\x64\debug\day1.cpp.module.json
c:\users\rnm36\documents\adventofcode\adventofcoding2021\adventofcoding2021\x64\debug\day3.cpp.module.json
c:\users\rnm36\documents\adventofcode\adventofcoding2021\adventofcoding2021\x64\debug\day2.cpp.module.json
c:\users\rnm36\documents\adventofcode\adventofcoding2021\adventofcoding2021\x64\debug\pystr.cpp.module.json
c:\users\rnm36\documents\adventofcode\adventofcoding2021\adventofcoding2021\x64\debug\day4.cpp.module.json
c:\users\rnm36\documents\adventofcode\adventofcoding2021\adventofcoding2021\x64\debug\main.cpp.module.json
c:\users\rnm36\documents\adventofcode\adventofcoding2021\adventofcoding2021\x64\debug\day5.cpp.module.json
c:\users\rnm36\documents\adventofcode\adventofcoding2021\adventofcoding2021\x64\debug\adventofcoding2021.obj
c:\users\rnm36\documents\adventofcode\adventofcoding2021\adventofcoding2021\x64\debug\adventofcoding2021.ilk
c:\users\rnm36\documents\adventofcode\adventofcoding2021\adventofcoding2021\x64\debug\vc143.idb
c:\users\rnm36\documents\adventofcode\adventofcoding2021\adventofcoding2021\x64\debug\vc143.pdb
c:\users\rnm36\documents\adventofcode\adventofcoding2021\adventofcoding2021\x64\debug\adventof.9a771798.tlog\cl.command.1.tlog
c:\users\rnm36\documents\adventofcode\adventofcoding2021\adventofcoding2021\x64\debug\adventof.9a771798.tlog\link.command.1.tlog
c:\users\rnm36\documents\adventofcode\adventofcoding2021\adventofcoding2021\x64\debug\adventof.9a771798.tlog\link.read.1.tlog
c:\users\rnm36\documents\adventofcode\adventofcoding2021\adventofcoding2021\x64\debug\adventof.9a771798.tlog\link.write.1.tlog
c:\users\rnm36\documents\adventofcode\adventofcoding2021\adventofcoding2021\x64\debug\adventof.9a771798.tlog\microsoft.build.cpptasks.cl.read.1.tlog
c:\users\rnm36\documents\adventofcode\adventofcoding2021\adventofcoding2021\x64\debug\adventof.9a771798.tlog\microsoft.build.cpptasks.cl.write.1.tlog
c:\users\rnm36\documents\adventofcode\adventofcoding2021\adventofcoding2021\x64\debug\adventof.9a771798_md.tlog\cl.command.1.tlog
c:\users\rnm36\documents\adventofcode\adventofcoding2021\adventofcoding2021\x64\debug\adventof.9a771798_md.tlog\microsoft.build.cpptasks.cl.read.1.tlog
c:\users\rnm36\documents\adventofcode\adventofcoding2021\adventofcoding2021\x64\debug\adventof.9a771798_md.tlog\microsoft.build.cpptasks.cl.write.1.tlog
